<?xml version="1.0" encoding="UTF-8"?>
<!-- Generated by org.testng.reporters.JUnitXMLReporter -->
<testsuite hostname="Ajka-PC" name="Command line test" tests="48" failures="0" timestamp="18 Nov 2016 20:20:27 GMT" time="13.739" errors="0">
  <testcase name="testFindAll" time="1.152" classname="cz.fi.muni.pa165.Model.Dao.ApplicationApprovedRecordDaoImplTest"/>
  <testcase name="testFindByCar" time="0.116" classname="cz.fi.muni.pa165.Model.Dao.ApplicationApprovedRecordDaoImplTest"/>
  <testcase name="testFindById" time="0.115" classname="cz.fi.muni.pa165.Model.Dao.ApplicationApprovedRecordDaoImplTest"/>
  <testcase name="testFindByUser" time="0.061" classname="cz.fi.muni.pa165.Model.Dao.ApplicationApprovedRecordDaoImplTest"/>
  <testcase name="testGetRecordsCreatedBetween" time="0.075" classname="cz.fi.muni.pa165.Model.Dao.ApplicationApprovedRecordDaoImplTest"/>
  <testcase name="testDelete" time="0.005" classname="cz.fi.muni.pa165.Model.Dao.ApplicationRejectedRecordDaoImplTest"/>
  <testcase name="testFindAll" time="0.045" classname="cz.fi.muni.pa165.Model.Dao.ApplicationRejectedRecordDaoImplTest"/>
  <testcase name="testFindByCar" time="0.041" classname="cz.fi.muni.pa165.Model.Dao.ApplicationRejectedRecordDaoImplTest"/>
  <testcase name="testFindById" time="0.002" classname="cz.fi.muni.pa165.Model.Dao.ApplicationRejectedRecordDaoImplTest"/>
  <testcase name="testFindByUser" time="0.047" classname="cz.fi.muni.pa165.Model.Dao.ApplicationRejectedRecordDaoImplTest"/>
  <testcase name="testFindAll" time="0.033" classname="cz.fi.muni.pa165.Model.Dao.CarDaoImplTest"/>
  <testcase name="testFindById" time="0.019" classname="cz.fi.muni.pa165.Model.Dao.CarDaoImplTest"/>
  <testcase name="testFindByRegPlateNumber" time="0.025" classname="cz.fi.muni.pa165.Model.Dao.CarDaoImplTest"/>
  <testcase name="testFindBySerialNumber" time="0.017" classname="cz.fi.muni.pa165.Model.Dao.CarDaoImplTest"/>
  <testcase name="testFindByState" time="0.049" classname="cz.fi.muni.pa165.Model.Dao.CarDaoImplTest"/>
  <testcase name="testChangeStateInvalidTransitions" time="0.001" classname="cz.fi.muni.pa165.Model.Entity.CarTest"/>
  <testcase name="testChangeStateValidTransitions" time="0.0" classname="cz.fi.muni.pa165.Model.Entity.CarTest"/>
  <testcase name="testEquals" time="0.0" classname="cz.fi.muni.pa165.Model.PersonNameTest"/>
  <testcase name="testGetFirst" time="0.001" classname="cz.fi.muni.pa165.Model.PersonNameTest"/>
  <testcase name="testGetLast" time="0.001" classname="cz.fi.muni.pa165.Model.PersonNameTest"/>
  <testcase name="testHashCode" time="0.0" classname="cz.fi.muni.pa165.Model.PersonNameTest"/>
  <testcase name="testOf_compositeFistNameAndLastName" time="0.003" classname="cz.fi.muni.pa165.Model.PersonNameTest"/>
  <testcase name="testOf_separateFirstNameAndLastName" time="0.001" classname="cz.fi.muni.pa165.Model.PersonNameTest"/>
  <testcase name="testFindAll" time="0.04" classname="cz.fi.muni.pa165.Model.Dao.RentApplicationDaoImplTest"/>
  <testcase name="testFindByCar" time="0.037" classname="cz.fi.muni.pa165.Model.Dao.RentApplicationDaoImplTest"/>
  <testcase name="testFindById" time="0.066" classname="cz.fi.muni.pa165.Model.Dao.RentApplicationDaoImplTest"/>
  <testcase name="testFindByUser" time="0.099" classname="cz.fi.muni.pa165.Model.Dao.RentApplicationDaoImplTest"/>
  <testcase name="testGetRecordsCreatedBetween" time="0.059" classname="cz.fi.muni.pa165.Model.Dao.RentApplicationDaoImplTest"/>
  <testcase name="testFindAll" time="0.051" classname="cz.fi.muni.pa165.Model.Dao.RentRecordDaoImplTest"/>
  <testcase name="testFindByCar" time="0.041" classname="cz.fi.muni.pa165.Model.Dao.RentRecordDaoImplTest"/>
  <testcase name="testFindById" time="0.046" classname="cz.fi.muni.pa165.Model.Dao.RentRecordDaoImplTest"/>
  <testcase name="testFindByUser" time="0.039" classname="cz.fi.muni.pa165.Model.Dao.RentRecordDaoImplTest"/>
  <testcase name="testGetRecordsCreatedBetween" time="0.037" classname="cz.fi.muni.pa165.Model.Dao.RentRecordDaoImplTest"/>
  <testcase name="testFindAll" time="0.094" classname="cz.fi.muni.pa165.Model.Dao.ReturnRecordDaoImplTest"/>
  <testcase name="testFindByCar" time="0.053" classname="cz.fi.muni.pa165.Model.Dao.ReturnRecordDaoImplTest"/>
  <testcase name="testFindById" time="0.049" classname="cz.fi.muni.pa165.Model.Dao.ReturnRecordDaoImplTest"/>
  <testcase name="testFindByUser" time="0.042" classname="cz.fi.muni.pa165.Model.Dao.ReturnRecordDaoImplTest"/>
  <testcase name="testGetRecordsCreatedBetween" time="0.03" classname="cz.fi.muni.pa165.Model.Dao.ReturnRecordDaoImplTest"/>
  <testcase name="testFindAll" time="0.015" classname="cz.fi.muni.pa165.Model.Dao.UserDaoImplTest"/>
  <testcase name="testFindById" time="0.009" classname="cz.fi.muni.pa165.Model.Dao.UserDaoImplTest"/>
  <testcase name="testFindByName" time="0.016" classname="cz.fi.muni.pa165.Model.Dao.UserDaoImplTest"/>
  <testcase name="testChangeName" time="0.0" classname="cz.fi.muni.pa165.Model.Entity.UserTest"/>
  <testcase name="testChangeRole" time="0.003" classname="cz.fi.muni.pa165.Model.Entity.UserTest"/>
  <testcase name="testConstructWithNulls" time="0.003" classname="cz.fi.muni.pa165.Model.Entity.UserTest"/>
  <testcase name="testConstructWithNulls" time="0.0" classname="cz.fi.muni.pa165.Model.Entity.UserTest"/>
  <testcase name="testConstructWithNulls" time="0.0" classname="cz.fi.muni.pa165.Model.Entity.UserTest"/>
  <testcase name="testConstructWithNulls" time="0.0" classname="cz.fi.muni.pa165.Model.Entity.UserTest"/>
  <testcase name="testCreate" time="0.0" classname="cz.fi.muni.pa165.Model.Entity.UserTest"/>
</testsuite> <!-- Command line test -->
