<?xml version="1.0" encoding="UTF-8" ?>
<testsuite tests="48" failures="0" name="TestSuite" time="15.803" errors="0" skipped="0">
  <properties>
[...]
</properties>
  <testcase classname="cz.fi.muni.pa165.Model.Dao.ApplicationApprovedRecordDaoImplTest" name="testFindAll" time="0.001"/>
  <testcase classname="cz.fi.muni.pa165.Model.Dao.ApplicationApprovedRecordDaoImplTest" name="testFindByCar" time="0"/>
  <testcase classname="cz.fi.muni.pa165.Model.Dao.ApplicationApprovedRecordDaoImplTest" name="testFindById" time="0"/>
  <testcase classname="cz.fi.muni.pa165.Model.Dao.ApplicationApprovedRecordDaoImplTest" name="testFindByUser" time="0"/>
  <testcase classname="cz.fi.muni.pa165.Model.Dao.ApplicationApprovedRecordDaoImplTest" name="testGetRecordsCreatedBetween" time="0"/>
  <testcase classname="cz.fi.muni.pa165.Model.Dao.ApplicationRejectedRecordDaoImplTest" name="testDelete" time="0"/>
  <testcase classname="cz.fi.muni.pa165.Model.Dao.ApplicationRejectedRecordDaoImplTest" name="testFindAll" time="0.005"/>
  <testcase classname="cz.fi.muni.pa165.Model.Dao.ApplicationRejectedRecordDaoImplTest" name="testFindByCar" time="0"/>
  <testcase classname="cz.fi.muni.pa165.Model.Dao.ApplicationRejectedRecordDaoImplTest" name="testFindById" time="0"/>
  <testcase classname="cz.fi.muni.pa165.Model.Dao.ApplicationRejectedRecordDaoImplTest" name="testFindByUser" time="0"/>
  <testcase classname="cz.fi.muni.pa165.Model.Dao.CarDaoImplTest" name="testFindAll" time="0"/>
  <testcase classname="cz.fi.muni.pa165.Model.Dao.CarDaoImplTest" name="testFindById" time="0"/>
  <testcase classname="cz.fi.muni.pa165.Model.Dao.CarDaoImplTest" name="testFindByRegPlateNumber" time="0"/>
  <testcase classname="cz.fi.muni.pa165.Model.Dao.CarDaoImplTest" name="testFindBySerialNumber" time="0.095"/>
  <testcase classname="cz.fi.muni.pa165.Model.Dao.CarDaoImplTest" name="testFindByState" time="0"/>
  <testcase classname="cz.fi.muni.pa165.Model.Entity.CarTest" name="testChangeStateInvalidTransitions" time="0"/>
  <testcase classname="cz.fi.muni.pa165.Model.Entity.CarTest" name="testChangeStateValidTransitions" time="0"/>
  <testcase classname="cz.fi.muni.pa165.Model.PersonNameTest" name="testEquals" time="0"/>
  <testcase classname="cz.fi.muni.pa165.Model.PersonNameTest" name="testGetFirst" time="0"/>
  <testcase classname="cz.fi.muni.pa165.Model.PersonNameTest" name="testGetLast" time="0"/>
  <testcase classname="cz.fi.muni.pa165.Model.PersonNameTest" name="testHashCode" time="0"/>
  <testcase classname="cz.fi.muni.pa165.Model.PersonNameTest" name="testOf_compositeFistNameAndLastName" time="0"/>
  <testcase classname="cz.fi.muni.pa165.Model.PersonNameTest" name="testOf_separateFirstNameAndLastName" time="0"/>
  <testcase classname="cz.fi.muni.pa165.Model.Dao.RentApplicationDaoImplTest" name="testFindAll" time="0"/>
  <testcase classname="cz.fi.muni.pa165.Model.Dao.RentApplicationDaoImplTest" name="testFindByCar" time="0"/>
  <testcase classname="cz.fi.muni.pa165.Model.Dao.RentApplicationDaoImplTest" name="testFindById" time="0"/>
  <testcase classname="cz.fi.muni.pa165.Model.Dao.RentApplicationDaoImplTest" name="testFindByUser" time="0"/>
  <testcase classname="cz.fi.muni.pa165.Model.Dao.RentApplicationDaoImplTest" name="testGetRecordsCreatedBetween" time="0"/>
  <testcase classname="cz.fi.muni.pa165.Model.Dao.RentRecordDaoImplTest" name="testFindAll" time="0"/>
  <testcase classname="cz.fi.muni.pa165.Model.Dao.RentRecordDaoImplTest" name="testFindByCar" time="0.001"/>
  <testcase classname="cz.fi.muni.pa165.Model.Dao.RentRecordDaoImplTest" name="testFindById" time="0"/>
  <testcase classname="cz.fi.muni.pa165.Model.Dao.RentRecordDaoImplTest" name="testFindByUser" time="0"/>
  <testcase classname="cz.fi.muni.pa165.Model.Dao.RentRecordDaoImplTest" name="testGetRecordsCreatedBetween" time="0.001"/>
  <testcase classname="cz.fi.muni.pa165.Model.Dao.ReturnRecordDaoImplTest" name="testFindAll" time="0.001"/>
  <testcase classname="cz.fi.muni.pa165.Model.Dao.ReturnRecordDaoImplTest" name="testFindByCar" time="0"/>
  <testcase classname="cz.fi.muni.pa165.Model.Dao.ReturnRecordDaoImplTest" name="testFindById" time="0.001"/>
  <testcase classname="cz.fi.muni.pa165.Model.Dao.ReturnRecordDaoImplTest" name="testFindByUser" time="0"/>
  <testcase classname="cz.fi.muni.pa165.Model.Dao.ReturnRecordDaoImplTest" name="testGetRecordsCreatedBetween" time="0.009"/>
  <testcase classname="cz.fi.muni.pa165.Model.Dao.UserDaoImplTest" name="testFindAll" time="0"/>
  <testcase classname="cz.fi.muni.pa165.Model.Dao.UserDaoImplTest" name="testFindById" time="0"/>
  <testcase classname="cz.fi.muni.pa165.Model.Dao.UserDaoImplTest" name="testFindByName" time="0"/>
  <testcase classname="cz.fi.muni.pa165.Model.Entity.UserTest" name="testChangeName" time="0"/>
  <testcase classname="cz.fi.muni.pa165.Model.Entity.UserTest" name="testChangeRole" time="0"/>
  <testcase classname="cz.fi.muni.pa165.Model.Entity.UserTest" name="testConstructWithNulls" time="0"/>
  <testcase classname="cz.fi.muni.pa165.Model.Entity.UserTest" name="testConstructWithNulls" time="0"/>
  <testcase classname="cz.fi.muni.pa165.Model.Entity.UserTest" name="testConstructWithNulls" time="0"/>
  <testcase classname="cz.fi.muni.pa165.Model.Entity.UserTest" name="testConstructWithNulls" time="0"/>
  <testcase classname="cz.fi.muni.pa165.Model.Entity.UserTest" name="testCreate" time="0"/>
</testsuite>